2026-01-16 13:44:22 | SESSION_ERROR | Wallet: 0xe9a210869cc40dc42a79bd7991602fb3d76f92ea | Error: SQLSTATE[42S22]: Column not found: 1054 Unknown column 'status' in 'WHERE'
2026-01-16 13:57:23 | SESSION_ERROR | Wallet: 0xe9a210869cc40dc42a79bd7991602fb3d76f92ea | Error: SQLSTATE[42S22]: Column not found: 1054 Unknown column 'status' in 'WHERE'
2026-01-16 14:09:15 | SESSION_ERROR | Wallet: 0xc48cebdf29561dedad82a084c2390021ad24775c | Error: SQLSTATE[42S22]: Column not found: 1054 Unknown column 'status' in 'WHERE'
2026-01-16 14:24:51 | SESSION_START | Wallet: 0xc48cebdf29561dedad82a084c2390021ad24775c | Session: 1 | Mission: 33
2026-01-16 14:25:09 | RATE_LIMIT | Session: 1 | Too many events
2026-01-16 14:25:35 | RATE_LIMIT | Session: 1 | Too many events
2026-01-16 14:25:38 | RATE_LIMIT | Session: 1 | Too many events
2026-01-16 14:26:58 | RATE_LIMIT | Session: 1 | Too many events
2026-01-16 14:27:59 | SESSION_END | Session: 1 | Wallet: 0xc48cebdf29561dedad82a084c2390021ad24775c | Earnings: 0.0221 | Valid: YES
2026-01-16 14:30:02 | SESSION_START | Wallet: 0xe9a210869cc40dc42a79bd7991602fb3d76f92ea | Session: 2 | Mission: 36
2026-01-16 14:33:03 | SESSION_END | Session: 2 | Wallet: 0xe9a210869cc40dc42a79bd7991602fb3d76f92ea | Earnings: 0.0148 | Valid: YES
2026-01-16 18:40:48 | SESSION_START | Wallet: 0xe9a210869cc40dc42a79bd7991602fb3d76f92ea | Session: 3 | Mission: 37
2026-01-16 18:43:50 | SESSION_END | Session: 3 | Wallet: 0xe9a210869cc40dc42a79bd7991602fb3d76f92ea | Earnings: 0.0144 | Valid: NO
2026-01-17 14:45:24 | SESSION_START | Wallet: 0xc48cebdf29561dedad82a084c2390021ad24775c | Session: 4 | Mission: 34
2026-01-17 14:47:07 | SUSPICIOUS_REPORT | Wallet: 0xc48cebdf29561dedad82a084c2390021ad24775c | Session: 4 | Types: EARNINGS_MISMATCH | DevTools: NO
2026-01-17 14:48:38 | SESSION_END | Session: 4 | Wallet: 0xc48cebdf29561dedad82a084c2390021ad24775c | Earnings: 0.0153 | Valid: NO
2026-01-17 18:27:33 | SESSION_START | Wallet: 0xc48cebdf29561dedad82a084c2390021ad24775c | Session: 5 | Mission: 35
2026-01-17 18:30:34 | SESSION_END | Session: 5 | Wallet: 0xc48cebdf29561dedad82a084c2390021ad24775c | Earnings: 0.0254 | Valid: NO
2026-01-17 18:53:53 | SESSION_START | Wallet: 0xe9a210869cc40dc42a79bd7991602fb3d76f92ea | Session: 6 | Mission: 38
2026-01-18 20:59:31 | SESSION_START | Wallet: 0xc48cebdf29561dedad82a084c2390021ad24775c | Session: 11 | Mission: 40
2026-01-23 14:31:38 | SESSION_START | Wallet: 0xb890ac554530d064cf7b52aa3a9b65ea174934c5 | Session: 30 | Mission: 3
2026-01-23 14:34:39 | SESSION_END | Session: 30 | Wallet: 0xb890ac554530d064cf7b52aa3a9b65ea174934c5 | Earnings: 0.010935 | Status: completed | Duration: 181s
2026-01-23 14:51:44 | SESSION_START | Wallet: 0xb890ac554530d064cf7b52aa3a9b65ea174934c5 | Session: 31 | Mission: 4
2026-01-23 14:51:55 | RATE_LIMIT | Session: 31 | Too many events
2026-01-23 14:52:18 | RATE_LIMIT | Session: 31 | Too many events
2026-01-23 14:52:30 | RATE_LIMIT | Session: 31 | Too many events
2026-01-23 14:52:53 | RATE_LIMIT | Session: 31 | Too many events
2026-01-23 14:54:44 | SESSION_END | Session: 31 | Wallet: 0xb890ac554530d064cf7b52aa3a9b65ea174934c5 | Earnings: 0.0239 | Status: completed | Duration: 180s
2026-01-23 14:59:08 | SESSION_START | Wallet: 0xb890ac554530d064cf7b52aa3a9b65ea174934c5 | Session: 32 | Mission: 5
2026-01-23 15:02:08 | SESSION_END | Session: 32 | Wallet: 0xb890ac554530d064cf7b52aa3a9b65ea174934c5 | Earnings: 0.0371 | Status: completed | Duration: 180s
2026-01-23 18:01:05 | SESSION_START | Wallet: 0xb890ac554530d064cf7b52aa3a9b65ea174934c5 | Session: 33 | Mission: 6
2026-01-23 18:04:05 | SESSION_END | Session: 33 | Wallet: 0xb890ac554530d064cf7b52aa3a9b65ea174934c5 | Earnings: 0.0316 | Status: completed | Duration: 180s
2026-01-23 18:14:27 | SESSION_START | Wallet: 0xe9a210869cc40dc42a79bd7991602fb3d76f92ea | Session: 34 | Mission: 44
2026-01-23 18:17:28 | SESSION_END | Session: 34 | Wallet: 0xe9a210869cc40dc42a79bd7991602fb3d76f92ea | Earnings: 0.0261 | Status: completed | Duration: 181s
2026-01-23 18:28:30 | SESSION_START | Wallet: 0xb890ac554530d064cf7b52aa3a9b65ea174934c5 | Session: 35 | Mission: 7
2026-01-23 18:31:31 | SESSION_END | Session: 35 | Wallet: 0xb890ac554530d064cf7b52aa3a9b65ea174934c5 | Earnings: 0.027 | Status: completed | Duration: 181s
2026-01-23 18:44:38 | SESSION_START | Wallet: 0xe9a210869cc40dc42a79bd7991602fb3d76f92ea | Session: 36 | Mission: 45
2026-01-23 18:47:39 | SESSION_END | Session: 36 | Wallet: 0xe9a210869cc40dc42a79bd7991602fb3d76f92ea | Earnings: 0.1 | Common: 165 | Rare: 27 | Epic: 7 | Legendary: 3 | Duration: 181s
2026-01-23 23:49:09 | SESSION_START | Wallet: 0xe9a210869cc40dc42a79bd7991602fb3d76f92ea | Session: 37 | Mission: 46
2026-01-23 23:52:09 | SESSION_END | Session: 37 | Earnings: $0.01838 | Alert: normal
2026-01-24 00:04:40 | SESSION_START | Wallet: 0xe9a210869cc40dc42a79bd7991602fb3d76f92ea | Session: 38 | Mission: 47
2026-01-24 00:07:40 | SESSION_END | Session: 38 | Earnings: $0.02704 | Alert: normal
2026-01-24 01:23:51 | SESSION_START | Wallet: 0xc48cebdf29561dedad82a084c2390021ad24775c | Session: 39 | Mission: 48
2026-01-24 01:26:51 | SESSION_END | Session: 39 | Earnings: $0.02304 | Alert: normal
2026-01-24 13:26:20 | SESSION_START | Wallet: 0xe9a210869cc40dc42a79bd7991602fb3d76f92ea | Session: 40 | Mission: 48
2026-01-24 13:29:20 | SESSION_END | Session: 40 | Earnings: $0.02226 | Alert: normal
2026-01-24 14:36:44 | SESSION_START | Wallet: 0xb890ac554530d064cf7b52aa3a9b65ea174934c5 | Session: 41 | Mission: 8
2026-01-24 14:39:44 | SESSION_END | Session: 41 | Earnings: $0.02573 | Alert: normal
2026-01-24 16:07:17 | SESSION_START | Wallet: 0xc48cebdf29561dedad82a084c2390021ad24775c | Session: 42 | Mission: 49
2026-01-24 16:10:18 | SESSION_END | Session: 42 | Earnings: $0.031 | Alert: normal
2026-01-24 19:35:47 | SESSION_START | Wallet: 0xb890ac554530d064cf7b52aa3a9b65ea174934c5 | Session: 43 | Mission: 9
2026-01-24 19:38:36 | SESSION_END | Session: 43 | Earnings: $0 | Alert: normal
2026-01-25 18:28:23 | SESSION_START | Wallet: 0xc48cebdf29561dedad82a084c2390021ad24775c | Session: 44 | Mission: 50
2026-01-25 18:31:24 | SESSION_END | Session: 44 | Earnings: $0.02174 | Alert: normal
